size 12
wumpus_count 6
wumpus 4 4 9
wumpus 1 5 1
wumpus 3 5 6
wumpus 6 10 8
wumpus 2 11 3
wumpus 5 11 12
wumpus_rotation 1 0
wumpus_rotation 2 1
wumpus_rotation 3 0
wumpus_rotation 4 2
wumpus_rotation 5 2
wumpus_rotation 6 0
gold 4 3 9
gold 1 5 2
gold 3 6 6
gold 2 11 2
gold 6 11 8
gold 5 11 11
pit 3 8
pit 4 1
pit 7 9
pit 8 3
pit 8 10
pit 12 11
pit 12 12
wall 3 1 1
wall 2 1 1
wall 0 1 2
wall 2 1 2
wall 0 1 3
wall 2 1 3
wall 0 1 4
wall 2 1 4
wall 0 1 5
wall 2 1 5
wall 1 1 6
wall 2 1 6
wall 3 1 7
wall 2 1 7
wall 2 1 8
wall 2 1 9
wall 1 1 10
wall 2 1 10
wall 3 1 11
wall 2 1 11
wall 1 1 12
wall 2 1 12
wall 0 2 1
wall 3 2 1
wall 0 2 2
wall 2 2 2
wall 2 2 3
wall 0 2 4
wall 2 2 4
wall 1 2 5
wall 0 2 5
wall 2 2 5
wall 3 2 6
wall 1 2 7
wall 3 2 8
wall 1 2 11
wall 0 2 11
wall 1 2 12
wall 3 2 12
wall 3 3 1
wall 2 3 1
wall 2 3 2
wall 1 3 3
wall 3 3 4
wall 2 3 4
wall 2 3 5
wall 1 3 6
wall 1 3 7
wall 3 3 7
wall 3 3 8
wall 1 3 9
wall 1 3 10
wall 3 3 10
wall 1 3 11
wall 3 3 11
wall 2 3 11
wall 1 3 12
wall 3 3 12
wall 3 4 1
wall 1 4 2
wall 0 4 2
wall 1 4 3
wall 3 4 3
wall 1 4 4
wall 3 4 4
wall 3 4 5
wall 1 4 6
wall 0 4 6
wall 1 4 7
wall 3 4 7
wall 0 4 8
wall 3 4 8
wall 0 4 9
wall 1 4 10
wall 0 4 11
wall 3 4 11
wall 1 4 12
wall 0 4 12
wall 3 5 1
wall 1 5 2
wall 2 5 2
wall 3 5 3
wall 1 5 4
wall 3 5 5
wall 1 5 6
wall 0 5 6
wall 2 5 6
wall 3 5 7
wall 2 5 8
wall 0 5 9
wall 2 5 9
wall 2 5 11
wall 1 5 12
wall 2 5 12
wall 3 6 1
wall 1 6 2
wall 0 6 2
wall 3 6 3
wall 1 6 4
wall 0 6 5
wall 3 6 5
wall 1 6 6
wall 0 6 6
wall 2 6 6
wall 1 6 7
wall 3 6 7
wall 3 6 8
wall 2 6 9
wall 1 6 10
wall 0 6 10
wall 3 6 11
wall 1 6 12
wall 1 7 1
wall 3 7 1
wall 3 7 2
wall 2 7 2
wall 1 7 4
wall 3 7 5
wall 2 7 5
wall 1 7 6
wall 2 7 6
wall 3 7 7
wall 1 7 8
wall 0 7 9
wall 3 7 9
wall 1 7 10
wall 2 7 10
wall 3 7 11
wall 1 7 12
wall 1 8 1
wall 3 8 1
wall 1 8 2
wall 3 8 2
wall 1 8 3
wall 3 8 3
wall 1 8 4
wall 3 8 4
wall 0 8 5
wall 3 8 5
wall 1 8 6
wall 0 8 6
wall 3 8 7
wall 1 8 9
wall 2 8 9
wall 1 8 10
wall 3 8 10
wall 1 8 11
wall 3 8 11
wall 1 8 12
wall 3 8 12
wall 0 9 1
wall 3 9 1
wall 0 9 3
wall 1 9 4
wall 3 9 5
wall 2 9 5
wall 1 9 6
wall 2 9 6
wall 3 9 7
wall 0 9 9
wall 0 9 10
wall 1 9 11
wall 0 9 11
wall 1 9 12
wall 3 9 12
wall 3 10 1
wall 2 10 1
wall 2 10 3
wall 1 10 4
wall 1 10 5
wall 3 10 5
wall 1 10 6
wall 3 10 6
wall 3 10 7
wall 1 10 9
wall 2 10 9
wall 3 10 10
wall 2 10 10
wall 2 10 11
wall 1 10 12
wall 3 11 1
wall 1 11 2
wall 1 11 3
wall 3 11 3
wall 3 11 4
wall 1 11 5
wall 3 11 6
wall 1 11 7
wall 1 11 8
wall 3 11 8
wall 1 11 9
wall 3 11 9
wall 3 11 10
wall 1 11 12
wall 0 12 1
wall 3 12 1
wall 0 12 2
wall 0 12 3
wall 1 12 4
wall 0 12 4
wall 1 12 5
wall 0 12 5
wall 3 12 5
wall 0 12 6
wall 3 12 6
wall 0 12 7
wall 0 12 8
wall 1 12 9
wall 0 12 9
wall 0 12 10
wall 3 12 10
wall 0 12 11
wall 1 12 12
wall 0 12 12
